2024-04-08 08:18:00,461 CRIT Supervisor is running as root.  Privileges were not dropped because no user is specified in the config file.  If you intend to run as root, you can set user=root in the config file to avoid this message.
2024-04-08 08:18:00,464 INFO RPC interface 'supervisor' initialized
2024-04-08 08:18:00,464 CRIT Server 'inet_http_server' running without any HTTP authentication checking
2024-04-08 08:18:00,464 INFO supervisord started with pid 1
2024-04-08 08:18:01,476 INFO spawned: 'dramatiq' with pid 128
2024-04-08 08:18:01,481 INFO spawned: 'gunicorn' with pid 129
2024-04-08 08:18:01,486 INFO spawned: 'nginx' with pid 130
2024-04-08 08:18:06,600 INFO success: dramatiq entered RUNNING state, process has stayed up for > than 5 seconds (startsecs)
2024-04-08 08:18:06,601 INFO success: gunicorn entered RUNNING state, process has stayed up for > than 5 seconds (startsecs)
2024-04-08 08:18:06,603 INFO success: nginx entered RUNNING state, process has stayed up for > than 5 seconds (startsecs)
2024-04-09 05:18:07,929 WARN received SIGTERM indicating exit request
2024-04-09 05:18:07,932 INFO waiting for dramatiq, gunicorn, nginx to die
2024-04-09 05:18:07,964 INFO stopped: nginx (exit status 0)
2024-04-09 05:18:09,108 INFO stopped: gunicorn (exit status 0)
2024-04-09 05:18:10,936 INFO waiting for dramatiq to die
2024-04-09 05:18:12,290 INFO stopped: dramatiq (exit status 0)
2024-04-09 05:19:23,671 CRIT Supervisor is running as root.  Privileges were not dropped because no user is specified in the config file.  If you intend to run as root, you can set user=root in the config file to avoid this message.
2024-04-09 05:19:23,675 INFO RPC interface 'supervisor' initialized
2024-04-09 05:19:23,675 CRIT Server 'inet_http_server' running without any HTTP authentication checking
2024-04-09 05:19:23,675 INFO supervisord started with pid 1
2024-04-09 05:19:24,687 INFO spawned: 'dramatiq' with pid 231
2024-04-09 05:19:24,692 INFO spawned: 'gunicorn' with pid 232
2024-04-09 05:19:24,696 INFO spawned: 'nginx' with pid 233
2024-04-09 05:19:30,457 INFO success: dramatiq entered RUNNING state, process has stayed up for > than 5 seconds (startsecs)
2024-04-09 05:19:30,458 INFO success: gunicorn entered RUNNING state, process has stayed up for > than 5 seconds (startsecs)
2024-04-09 05:19:30,459 INFO success: nginx entered RUNNING state, process has stayed up for > than 5 seconds (startsecs)
2024-04-09 05:57:24,735 WARN received SIGTERM indicating exit request
2024-04-09 05:57:24,737 INFO waiting for dramatiq, gunicorn, nginx to die
2024-04-09 05:57:25,095 INFO stopped: nginx (exit status 0)
2024-04-09 05:57:26,131 INFO stopped: gunicorn (exit status 0)
2024-04-09 05:57:27,782 INFO waiting for dramatiq to die
2024-04-09 05:57:29,735 INFO stopped: dramatiq (exit status 0)
2024-04-09 05:58:29,792 CRIT Supervisor is running as root.  Privileges were not dropped because no user is specified in the config file.  If you intend to run as root, you can set user=root in the config file to avoid this message.
2024-04-09 05:58:29,795 INFO RPC interface 'supervisor' initialized
2024-04-09 05:58:29,795 CRIT Server 'inet_http_server' running without any HTTP authentication checking
2024-04-09 05:58:29,795 INFO supervisord started with pid 1
2024-04-09 05:58:30,802 INFO spawned: 'dramatiq' with pid 230
2024-04-09 05:58:30,806 INFO spawned: 'gunicorn' with pid 231
2024-04-09 05:58:30,814 INFO spawned: 'nginx' with pid 232
2024-04-09 05:58:36,418 INFO success: dramatiq entered RUNNING state, process has stayed up for > than 5 seconds (startsecs)
2024-04-09 05:58:36,419 INFO success: gunicorn entered RUNNING state, process has stayed up for > than 5 seconds (startsecs)
2024-04-09 05:58:36,419 INFO success: nginx entered RUNNING state, process has stayed up for > than 5 seconds (startsecs)
2024-04-09 05:59:01,068 WARN received SIGTERM indicating exit request
2024-04-09 05:59:01,069 INFO waiting for dramatiq, gunicorn, nginx to die
2024-04-09 05:59:01,423 INFO stopped: nginx (exit status 0)
2024-04-09 05:59:02,451 INFO stopped: gunicorn (exit status 0)
2024-04-09 05:59:04,412 INFO waiting for dramatiq to die
2024-04-09 05:59:06,308 INFO stopped: dramatiq (exit status 0)
2024-04-09 06:05:16,516 CRIT Supervisor is running as root.  Privileges were not dropped because no user is specified in the config file.  If you intend to run as root, you can set user=root in the config file to avoid this message.
2024-04-09 06:05:16,520 INFO RPC interface 'supervisor' initialized
2024-04-09 06:05:16,520 CRIT Server 'inet_http_server' running without any HTTP authentication checking
2024-04-09 06:05:16,520 INFO supervisord started with pid 1
2024-04-09 06:05:17,524 INFO spawned: 'dramatiq' with pid 231
2024-04-09 06:05:17,532 INFO spawned: 'gunicorn' with pid 232
2024-04-09 06:05:17,535 INFO spawned: 'nginx' with pid 233
2024-04-09 06:05:23,071 INFO success: dramatiq entered RUNNING state, process has stayed up for > than 5 seconds (startsecs)
2024-04-09 06:05:23,072 INFO success: gunicorn entered RUNNING state, process has stayed up for > than 5 seconds (startsecs)
2024-04-09 06:05:23,073 INFO success: nginx entered RUNNING state, process has stayed up for > than 5 seconds (startsecs)
2024-04-09 06:06:32,257 WARN received SIGTERM indicating exit request
2024-04-09 06:06:32,259 INFO waiting for dramatiq, gunicorn, nginx to die
2024-04-09 06:06:33,304 INFO stopped: nginx (exit status 0)
2024-04-09 06:06:34,444 INFO stopped: gunicorn (exit status 0)
2024-04-09 06:06:35,366 INFO waiting for dramatiq to die
2024-04-09 06:06:38,165 INFO stopped: dramatiq (exit status 0)
2024-04-09 06:07:38,341 CRIT Supervisor is running as root.  Privileges were not dropped because no user is specified in the config file.  If you intend to run as root, you can set user=root in the config file to avoid this message.
2024-04-09 06:07:38,344 INFO RPC interface 'supervisor' initialized
2024-04-09 06:07:38,344 CRIT Server 'inet_http_server' running without any HTTP authentication checking
2024-04-09 06:07:38,344 INFO supervisord started with pid 1
2024-04-09 06:07:39,355 INFO spawned: 'dramatiq' with pid 229
2024-04-09 06:07:39,358 INFO spawned: 'gunicorn' with pid 230
2024-04-09 06:07:39,361 INFO spawned: 'nginx' with pid 231
2024-04-09 06:07:45,157 INFO success: dramatiq entered RUNNING state, process has stayed up for > than 5 seconds (startsecs)
2024-04-09 06:07:45,158 INFO success: gunicorn entered RUNNING state, process has stayed up for > than 5 seconds (startsecs)
2024-04-09 06:07:45,159 INFO success: nginx entered RUNNING state, process has stayed up for > than 5 seconds (startsecs)
2024-04-09 06:49:26,613 WARN received SIGTERM indicating exit request
2024-04-09 06:49:26,615 INFO waiting for dramatiq, gunicorn, nginx to die
2024-04-09 06:49:27,650 INFO stopped: nginx (exit status 0)
2024-04-09 06:49:28,794 INFO stopped: gunicorn (exit status 0)
2024-04-09 06:49:29,711 INFO waiting for dramatiq to die
2024-04-09 06:49:31,721 INFO stopped: dramatiq (exit status 0)
2024-04-09 06:52:50,306 CRIT Supervisor is running as root.  Privileges were not dropped because no user is specified in the config file.  If you intend to run as root, you can set user=root in the config file to avoid this message.
2024-04-09 06:52:50,308 INFO RPC interface 'supervisor' initialized
2024-04-09 06:52:50,308 CRIT Server 'inet_http_server' running without any HTTP authentication checking
2024-04-09 06:52:50,309 INFO supervisord started with pid 1
2024-04-09 06:52:51,316 INFO spawned: 'dramatiq' with pid 237
2024-04-09 06:52:51,319 INFO spawned: 'gunicorn' with pid 238
2024-04-09 06:52:51,322 INFO spawned: 'nginx' with pid 239
2024-04-09 06:52:57,275 INFO success: dramatiq entered RUNNING state, process has stayed up for > than 5 seconds (startsecs)
2024-04-09 06:52:57,276 INFO success: gunicorn entered RUNNING state, process has stayed up for > than 5 seconds (startsecs)
2024-04-09 06:52:57,278 INFO success: nginx entered RUNNING state, process has stayed up for > than 5 seconds (startsecs)
2024-04-09 06:53:32,883 WARN received SIGTERM indicating exit request
2024-04-09 06:53:32,883 INFO waiting for dramatiq, gunicorn, nginx to die
2024-04-09 06:53:32,930 INFO stopped: nginx (exit status 0)
2024-04-09 06:53:34,070 INFO stopped: gunicorn (exit status 0)
2024-04-09 06:53:35,929 INFO waiting for dramatiq to die
2024-04-09 06:53:37,760 INFO stopped: dramatiq (exit status 0)
2024-04-09 06:55:17,850 CRIT Supervisor is running as root.  Privileges were not dropped because no user is specified in the config file.  If you intend to run as root, you can set user=root in the config file to avoid this message.
2024-04-09 06:55:17,852 INFO RPC interface 'supervisor' initialized
2024-04-09 06:55:17,852 CRIT Server 'inet_http_server' running without any HTTP authentication checking
2024-04-09 06:55:17,853 INFO supervisord started with pid 1
2024-04-09 06:55:18,858 INFO spawned: 'dramatiq' with pid 227
2024-04-09 06:55:18,862 INFO spawned: 'gunicorn' with pid 228
2024-04-09 06:55:18,866 INFO spawned: 'nginx' with pid 229
2024-04-09 06:55:24,390 INFO success: dramatiq entered RUNNING state, process has stayed up for > than 5 seconds (startsecs)
2024-04-09 06:55:24,391 INFO success: gunicorn entered RUNNING state, process has stayed up for > than 5 seconds (startsecs)
2024-04-09 06:55:24,392 INFO success: nginx entered RUNNING state, process has stayed up for > than 5 seconds (startsecs)
2024-04-09 07:06:00,207 WARN received SIGTERM indicating exit request
2024-04-09 07:06:00,207 INFO waiting for dramatiq, gunicorn, nginx to die
2024-04-09 07:06:01,232 INFO stopped: nginx (exit status 0)
2024-04-09 07:06:02,374 INFO stopped: gunicorn (exit status 0)
2024-04-09 07:06:03,251 INFO waiting for dramatiq to die
2024-04-09 07:06:05,840 INFO stopped: dramatiq (exit status 0)
2024-04-09 07:30:33,525 CRIT Supervisor is running as root.  Privileges were not dropped because no user is specified in the config file.  If you intend to run as root, you can set user=root in the config file to avoid this message.
2024-04-09 07:30:33,536 INFO RPC interface 'supervisor' initialized
2024-04-09 07:30:33,536 CRIT Server 'inet_http_server' running without any HTTP authentication checking
2024-04-09 07:30:33,537 INFO supervisord started with pid 1
2024-04-09 07:30:34,543 INFO spawned: 'dramatiq' with pid 235
2024-04-09 07:30:34,545 INFO spawned: 'gunicorn' with pid 236
2024-04-09 07:30:34,547 INFO spawned: 'nginx' with pid 237
2024-04-09 07:30:39,616 INFO success: dramatiq entered RUNNING state, process has stayed up for > than 5 seconds (startsecs)
2024-04-09 07:30:39,617 INFO success: gunicorn entered RUNNING state, process has stayed up for > than 5 seconds (startsecs)
2024-04-09 07:30:39,617 INFO success: nginx entered RUNNING state, process has stayed up for > than 5 seconds (startsecs)
2024-04-09 07:43:28,084 WARN received SIGTERM indicating exit request
2024-04-09 07:43:28,085 INFO waiting for dramatiq, gunicorn, nginx to die
2024-04-09 07:43:29,112 INFO stopped: nginx (exit status 0)
2024-04-09 07:43:30,241 INFO stopped: gunicorn (exit status 0)
2024-04-09 07:43:31,089 INFO waiting for dramatiq to die
2024-04-09 07:43:33,630 INFO stopped: dramatiq (exit status 0)
2024-04-09 07:45:14,898 CRIT Supervisor is running as root.  Privileges were not dropped because no user is specified in the config file.  If you intend to run as root, you can set user=root in the config file to avoid this message.
2024-04-09 07:45:14,900 INFO RPC interface 'supervisor' initialized
2024-04-09 07:45:14,901 CRIT Server 'inet_http_server' running without any HTTP authentication checking
2024-04-09 07:45:14,901 INFO supervisord started with pid 1
2024-04-09 07:45:15,911 INFO spawned: 'dramatiq' with pid 232
2024-04-09 07:45:15,920 INFO spawned: 'gunicorn' with pid 233
2024-04-09 07:45:15,923 INFO spawned: 'nginx' with pid 234
2024-04-09 07:45:21,655 INFO success: dramatiq entered RUNNING state, process has stayed up for > than 5 seconds (startsecs)
2024-04-09 07:45:21,659 INFO success: gunicorn entered RUNNING state, process has stayed up for > than 5 seconds (startsecs)
2024-04-09 07:45:21,659 INFO success: nginx entered RUNNING state, process has stayed up for > than 5 seconds (startsecs)
2024-04-09 08:48:47,910 WARN received SIGTERM indicating exit request
2024-04-09 08:48:47,912 INFO waiting for dramatiq, gunicorn, nginx to die
2024-04-09 08:48:48,946 INFO stopped: nginx (exit status 0)
2024-04-09 08:48:50,086 INFO stopped: gunicorn (exit status 0)
2024-04-09 08:48:51,246 INFO waiting for dramatiq to die
2024-04-09 08:48:53,208 INFO stopped: dramatiq (exit status 0)
2024-04-09 08:50:03,650 CRIT Supervisor is running as root.  Privileges were not dropped because no user is specified in the config file.  If you intend to run as root, you can set user=root in the config file to avoid this message.
2024-04-09 08:50:03,652 INFO RPC interface 'supervisor' initialized
2024-04-09 08:50:03,652 CRIT Server 'inet_http_server' running without any HTTP authentication checking
2024-04-09 08:50:03,653 INFO supervisord started with pid 1
2024-04-09 08:50:04,657 INFO spawned: 'dramatiq' with pid 232
2024-04-09 08:50:04,658 INFO spawned: 'gunicorn' with pid 233
2024-04-09 08:50:04,659 INFO spawned: 'nginx' with pid 234
2024-04-09 08:50:04,660 WARN received SIGTERM indicating exit request
2024-04-09 08:50:04,660 INFO waiting for dramatiq, gunicorn, nginx to die
2024-04-09 08:50:08,477 INFO waiting for dramatiq, gunicorn, nginx to die
2024-04-09 08:50:10,485 INFO success: dramatiq entered RUNNING state, process has stayed up for > than 5 seconds (startsecs)
2024-04-09 08:50:10,486 INFO success: gunicorn entered RUNNING state, process has stayed up for > than 5 seconds (startsecs)
2024-04-09 08:50:10,486 WARN killing 'nginx' (234) with SIGKILL
2024-04-09 08:50:10,515 WARN stopped: nginx (terminated by SIGKILL)
2024-04-09 08:50:10,515 INFO reaped unknown pid 235 (terminated by SIGKILL)
2024-04-09 08:50:10,516 INFO reaped unknown pid 236 (terminated by SIGKILL)
2024-04-09 08:50:10,516 INFO reaped unknown pid 237 (terminated by SIGKILL)
2024-04-09 08:50:10,516 INFO reaped unknown pid 238 (terminated by SIGKILL)
2024-04-09 08:50:10,516 INFO reaped unknown pid 239 (terminated by SIGKILL)
2024-04-09 08:50:10,516 INFO reaped unknown pid 240 (terminated by SIGKILL)
2024-04-09 08:50:10,517 INFO reaped unknown pid 241 (terminated by SIGKILL)
2024-04-09 08:50:10,517 INFO reaped unknown pid 242 (terminated by SIGKILL)
2024-04-09 08:50:11,521 INFO waiting for dramatiq, gunicorn to die
2024-04-09 08:50:11,664 INFO stopped: gunicorn (exit status 0)
2024-04-09 08:52:54,468 CRIT Supervisor is running as root.  Privileges were not dropped because no user is specified in the config file.  If you intend to run as root, you can set user=root in the config file to avoid this message.
2024-04-09 08:52:54,470 INFO RPC interface 'supervisor' initialized
2024-04-09 08:52:54,470 CRIT Server 'inet_http_server' running without any HTTP authentication checking
2024-04-09 08:52:54,471 INFO supervisord started with pid 1
2024-04-09 08:52:55,483 INFO spawned: 'dramatiq' with pid 232
2024-04-09 08:52:55,488 INFO spawned: 'gunicorn' with pid 233
2024-04-09 08:52:55,492 INFO spawned: 'nginx' with pid 234
2024-04-09 08:53:00,969 INFO success: dramatiq entered RUNNING state, process has stayed up for > than 5 seconds (startsecs)
2024-04-09 08:53:00,970 INFO success: gunicorn entered RUNNING state, process has stayed up for > than 5 seconds (startsecs)
2024-04-09 08:53:00,970 INFO success: nginx entered RUNNING state, process has stayed up for > than 5 seconds (startsecs)
2024-04-09 08:53:45,685 WARN received SIGTERM indicating exit request
2024-04-09 08:53:45,686 INFO waiting for dramatiq, gunicorn, nginx to die
2024-04-09 08:53:46,711 INFO stopped: nginx (exit status 0)
2024-04-09 08:53:47,835 INFO stopped: gunicorn (exit status 0)
2024-04-09 08:53:48,912 INFO waiting for dramatiq to die
2024-04-09 08:53:51,062 INFO stopped: dramatiq (exit status 0)
2024-04-09 08:58:34,135 CRIT Supervisor is running as root.  Privileges were not dropped because no user is specified in the config file.  If you intend to run as root, you can set user=root in the config file to avoid this message.
2024-04-09 08:58:34,138 INFO RPC interface 'supervisor' initialized
2024-04-09 08:58:34,138 CRIT Server 'inet_http_server' running without any HTTP authentication checking
2024-04-09 08:58:34,138 INFO supervisord started with pid 1
2024-04-09 08:58:35,148 INFO spawned: 'dramatiq' with pid 230
2024-04-09 08:58:35,152 INFO spawned: 'gunicorn' with pid 231
2024-04-09 08:58:35,156 INFO spawned: 'nginx' with pid 232
2024-04-09 08:58:40,996 INFO success: dramatiq entered RUNNING state, process has stayed up for > than 5 seconds (startsecs)
2024-04-09 08:58:40,997 INFO success: gunicorn entered RUNNING state, process has stayed up for > than 5 seconds (startsecs)
2024-04-09 08:58:40,998 INFO success: nginx entered RUNNING state, process has stayed up for > than 5 seconds (startsecs)
2024-04-09 09:01:17,577 WARN received SIGTERM indicating exit request
2024-04-09 09:01:17,577 INFO waiting for dramatiq, gunicorn, nginx to die
2024-04-09 09:01:18,602 INFO stopped: nginx (exit status 0)
2024-04-09 09:01:19,742 INFO stopped: gunicorn (exit status 0)
2024-04-09 09:01:20,637 INFO waiting for dramatiq to die
2024-04-09 09:01:22,903 INFO stopped: dramatiq (exit status 0)
2024-04-09 09:03:27,622 CRIT Supervisor is running as root.  Privileges were not dropped because no user is specified in the config file.  If you intend to run as root, you can set user=root in the config file to avoid this message.
2024-04-09 09:03:27,625 INFO RPC interface 'supervisor' initialized
2024-04-09 09:03:27,625 CRIT Server 'inet_http_server' running without any HTTP authentication checking
2024-04-09 09:03:27,625 INFO supervisord started with pid 1
2024-04-09 09:03:28,637 INFO spawned: 'dramatiq' with pid 231
2024-04-09 09:03:28,643 INFO spawned: 'gunicorn' with pid 232
2024-04-09 09:03:28,646 INFO spawned: 'nginx' with pid 233
2024-04-09 09:03:33,714 INFO success: dramatiq entered RUNNING state, process has stayed up for > than 5 seconds (startsecs)
2024-04-09 09:03:33,716 INFO success: gunicorn entered RUNNING state, process has stayed up for > than 5 seconds (startsecs)
2024-04-09 09:03:33,717 INFO success: nginx entered RUNNING state, process has stayed up for > than 5 seconds (startsecs)
2024-04-09 09:04:31,699 WARN received SIGTERM indicating exit request
2024-04-09 09:04:31,702 INFO waiting for dramatiq, gunicorn, nginx to die
2024-04-09 09:04:32,744 INFO stopped: nginx (exit status 0)
2024-04-09 09:04:33,889 INFO stopped: gunicorn (exit status 0)
2024-04-09 09:04:34,752 INFO waiting for dramatiq to die
2024-04-09 09:04:37,230 INFO stopped: dramatiq (exit status 0)
2024-04-09 09:34:13,191 CRIT Supervisor is running as root.  Privileges were not dropped because no user is specified in the config file.  If you intend to run as root, you can set user=root in the config file to avoid this message.
2024-04-09 09:34:13,194 INFO RPC interface 'supervisor' initialized
2024-04-09 09:34:13,194 CRIT Server 'inet_http_server' running without any HTTP authentication checking
2024-04-09 09:34:13,194 INFO supervisord started with pid 1
2024-04-09 09:34:14,203 INFO spawned: 'dramatiq' with pid 231
2024-04-09 09:34:14,207 INFO spawned: 'gunicorn' with pid 232
2024-04-09 09:34:14,210 INFO spawned: 'nginx' with pid 233
2024-04-09 09:34:19,250 INFO success: dramatiq entered RUNNING state, process has stayed up for > than 5 seconds (startsecs)
2024-04-09 09:34:19,251 INFO success: gunicorn entered RUNNING state, process has stayed up for > than 5 seconds (startsecs)
2024-04-09 09:34:19,252 INFO success: nginx entered RUNNING state, process has stayed up for > than 5 seconds (startsecs)
2024-04-09 09:34:45,668 WARN received SIGTERM indicating exit request
2024-04-09 09:34:45,669 INFO waiting for dramatiq, gunicorn, nginx to die
2024-04-09 09:34:45,705 INFO stopped: nginx (exit status 0)
2024-04-09 09:34:46,844 INFO stopped: gunicorn (exit status 0)
2024-04-09 09:34:48,784 INFO waiting for dramatiq to die
2024-04-09 09:34:50,682 INFO stopped: dramatiq (exit status 0)
2024-04-09 09:35:46,257 CRIT Supervisor is running as root.  Privileges were not dropped because no user is specified in the config file.  If you intend to run as root, you can set user=root in the config file to avoid this message.
2024-04-09 09:35:46,259 INFO RPC interface 'supervisor' initialized
2024-04-09 09:35:46,259 CRIT Server 'inet_http_server' running without any HTTP authentication checking
2024-04-09 09:35:46,260 INFO supervisord started with pid 1
2024-04-09 09:35:47,268 INFO spawned: 'dramatiq' with pid 231
2024-04-09 09:35:47,272 INFO spawned: 'gunicorn' with pid 232
2024-04-09 09:35:47,276 INFO spawned: 'nginx' with pid 233
2024-04-09 09:35:53,210 INFO success: dramatiq entered RUNNING state, process has stayed up for > than 5 seconds (startsecs)
2024-04-09 09:35:53,214 INFO success: gunicorn entered RUNNING state, process has stayed up for > than 5 seconds (startsecs)
2024-04-09 09:35:53,215 INFO success: nginx entered RUNNING state, process has stayed up for > than 5 seconds (startsecs)
2024-04-09 10:45:19,075 WARN received SIGTERM indicating exit request
2024-04-09 10:45:19,077 INFO waiting for dramatiq, gunicorn, nginx to die
2024-04-09 10:45:20,118 INFO stopped: nginx (exit status 0)
2024-04-09 10:45:21,049 INFO stopped: gunicorn (exit status 0)
2024-04-09 10:45:22,132 INFO waiting for dramatiq to die
2024-04-09 10:45:24,545 INFO stopped: dramatiq (exit status 0)
2024-04-09 10:47:56,028 CRIT Supervisor is running as root.  Privileges were not dropped because no user is specified in the config file.  If you intend to run as root, you can set user=root in the config file to avoid this message.
2024-04-09 10:47:56,031 INFO RPC interface 'supervisor' initialized
2024-04-09 10:47:56,031 CRIT Server 'inet_http_server' running without any HTTP authentication checking
2024-04-09 10:47:56,031 INFO supervisord started with pid 1
2024-04-09 10:47:57,041 INFO spawned: 'dramatiq' with pid 231
2024-04-09 10:47:57,046 INFO spawned: 'gunicorn' with pid 232
2024-04-09 10:47:57,049 INFO spawned: 'nginx' with pid 233
2024-04-09 10:48:02,952 INFO success: dramatiq entered RUNNING state, process has stayed up for > than 5 seconds (startsecs)
2024-04-09 10:48:02,952 INFO success: gunicorn entered RUNNING state, process has stayed up for > than 5 seconds (startsecs)
2024-04-09 10:48:02,953 INFO success: nginx entered RUNNING state, process has stayed up for > than 5 seconds (startsecs)
2024-04-09 11:29:39,008 WARN received SIGTERM indicating exit request
2024-04-09 11:29:39,010 INFO waiting for dramatiq, gunicorn, nginx to die
2024-04-09 11:29:40,034 INFO stopped: nginx (exit status 0)
2024-04-09 11:29:41,164 INFO stopped: gunicorn (exit status 0)
2024-04-09 11:29:42,155 INFO waiting for dramatiq to die
2024-04-09 11:29:45,054 INFO stopped: dramatiq (exit status 0)
2024-04-09 12:17:07,055 CRIT Supervisor is running as root.  Privileges were not dropped because no user is specified in the config file.  If you intend to run as root, you can set user=root in the config file to avoid this message.
2024-04-09 12:17:07,058 INFO RPC interface 'supervisor' initialized
2024-04-09 12:17:07,058 CRIT Server 'inet_http_server' running without any HTTP authentication checking
2024-04-09 12:17:07,058 INFO supervisord started with pid 1
2024-04-09 12:17:08,068 INFO spawned: 'dramatiq' with pid 238
2024-04-09 12:17:08,071 INFO spawned: 'gunicorn' with pid 239
2024-04-09 12:17:08,074 INFO spawned: 'nginx' with pid 240
2024-04-09 12:26:15,553 CRIT Supervisor is running as root.  Privileges were not dropped because no user is specified in the config file.  If you intend to run as root, you can set user=root in the config file to avoid this message.
2024-04-09 12:26:15,557 INFO RPC interface 'supervisor' initialized
2024-04-09 12:26:15,557 CRIT Server 'inet_http_server' running without any HTTP authentication checking
2024-04-09 12:26:15,557 INFO supervisord started with pid 1
2024-04-09 12:26:16,562 INFO spawned: 'dramatiq' with pid 231
2024-04-09 12:26:16,565 INFO spawned: 'gunicorn' with pid 232
2024-04-09 12:26:16,567 INFO spawned: 'nginx' with pid 233
2024-04-09 12:26:16,567 WARN received SIGTERM indicating exit request
2024-04-09 12:26:16,568 INFO waiting for dramatiq, gunicorn, nginx to die
2024-04-09 12:26:20,315 INFO waiting for dramatiq, gunicorn, nginx to die
2024-04-09 12:26:21,969 INFO success: dramatiq entered RUNNING state, process has stayed up for > than 5 seconds (startsecs)
2024-04-09 12:26:21,969 INFO success: gunicorn entered RUNNING state, process has stayed up for > than 5 seconds (startsecs)
2024-04-09 12:26:21,969 WARN killing 'nginx' (233) with SIGKILL
2024-04-09 12:26:21,970 WARN stopped: nginx (terminated by SIGKILL)
2024-04-09 12:26:21,992 INFO reaped unknown pid 234 (terminated by SIGKILL)
2024-04-09 12:26:21,992 INFO reaped unknown pid 236 (terminated by SIGKILL)
2024-04-09 12:26:21,993 INFO reaped unknown pid 239 (terminated by SIGKILL)
2024-04-09 12:26:21,993 INFO reaped unknown pid 240 (terminated by SIGKILL)
2024-04-09 12:26:21,993 INFO reaped unknown pid 241 (terminated by SIGKILL)
2024-04-09 12:26:21,994 INFO reaped unknown pid 235 (terminated by SIGKILL)
2024-04-09 12:26:21,995 INFO reaped unknown pid 237 (terminated by SIGKILL)
2024-04-09 12:26:21,995 INFO reaped unknown pid 238 (terminated by SIGKILL)
2024-04-09 12:26:22,592 INFO stopped: gunicorn (exit status 0)
2024-04-09 12:26:23,315 INFO waiting for dramatiq to die
2024-04-09 12:27:14,136 CRIT Supervisor is running as root.  Privileges were not dropped because no user is specified in the config file.  If you intend to run as root, you can set user=root in the config file to avoid this message.
2024-04-09 12:27:14,138 INFO RPC interface 'supervisor' initialized
2024-04-09 12:27:14,138 CRIT Server 'inet_http_server' running without any HTTP authentication checking
2024-04-09 12:27:14,139 INFO supervisord started with pid 1
2024-04-09 12:27:15,149 INFO spawned: 'dramatiq' with pid 153
2024-04-09 12:27:15,154 INFO spawned: 'gunicorn' with pid 154
2024-04-09 12:27:15,158 INFO spawned: 'nginx' with pid 155
2024-04-09 12:27:20,154 INFO success: dramatiq entered RUNNING state, process has stayed up for > than 5 seconds (startsecs)
2024-04-09 12:27:20,155 INFO success: gunicorn entered RUNNING state, process has stayed up for > than 5 seconds (startsecs)
2024-04-09 12:27:21,158 INFO success: nginx entered RUNNING state, process has stayed up for > than 5 seconds (startsecs)
2024-04-09 12:28:18,187 WARN received SIGTERM indicating exit request
2024-04-09 12:28:18,188 INFO waiting for dramatiq, gunicorn, nginx to die
2024-04-09 12:28:19,221 INFO stopped: nginx (exit status 0)
2024-04-09 12:28:20,354 INFO stopped: gunicorn (exit status 0)
2024-04-09 12:28:21,349 INFO waiting for dramatiq to die
2024-04-09 12:28:23,729 INFO stopped: dramatiq (exit status 0)
2024-04-09 12:38:51,098 CRIT Supervisor is running as root.  Privileges were not dropped because no user is specified in the config file.  If you intend to run as root, you can set user=root in the config file to avoid this message.
2024-04-09 12:38:51,101 INFO RPC interface 'supervisor' initialized
2024-04-09 12:38:51,101 CRIT Server 'inet_http_server' running without any HTTP authentication checking
2024-04-09 12:38:51,101 INFO supervisord started with pid 1
2024-04-09 12:38:52,110 INFO spawned: 'dramatiq' with pid 233
2024-04-09 12:38:52,114 INFO spawned: 'gunicorn' with pid 234
2024-04-09 12:38:52,120 INFO spawned: 'nginx' with pid 235
2024-04-09 12:38:57,920 INFO success: dramatiq entered RUNNING state, process has stayed up for > than 5 seconds (startsecs)
2024-04-09 12:38:57,920 INFO success: gunicorn entered RUNNING state, process has stayed up for > than 5 seconds (startsecs)
2024-04-09 12:38:57,921 INFO success: nginx entered RUNNING state, process has stayed up for > than 5 seconds (startsecs)
2024-04-09 12:40:52,695 WARN received SIGTERM indicating exit request
2024-04-09 12:40:52,697 INFO waiting for dramatiq, gunicorn, nginx to die
2024-04-09 12:40:53,724 INFO stopped: nginx (exit status 0)
2024-04-09 12:40:54,852 INFO stopped: gunicorn (exit status 0)
2024-04-09 12:40:56,033 INFO waiting for dramatiq to die
2024-04-09 12:40:57,985 INFO stopped: dramatiq (exit status 0)
2024-04-09 12:42:36,978 CRIT Supervisor is running as root.  Privileges were not dropped because no user is specified in the config file.  If you intend to run as root, you can set user=root in the config file to avoid this message.
2024-04-09 12:42:36,981 INFO RPC interface 'supervisor' initialized
2024-04-09 12:42:36,981 CRIT Server 'inet_http_server' running without any HTTP authentication checking
2024-04-09 12:42:36,981 INFO supervisord started with pid 1
2024-04-09 12:42:37,992 INFO spawned: 'dramatiq' with pid 232
2024-04-09 12:42:37,996 INFO spawned: 'gunicorn' with pid 233
2024-04-09 12:42:38,000 INFO spawned: 'nginx' with pid 234
2024-04-09 12:42:43,490 INFO success: dramatiq entered RUNNING state, process has stayed up for > than 5 seconds (startsecs)
2024-04-09 12:42:43,490 INFO success: gunicorn entered RUNNING state, process has stayed up for > than 5 seconds (startsecs)
2024-04-09 12:42:43,491 INFO success: nginx entered RUNNING state, process has stayed up for > than 5 seconds (startsecs)
2024-04-09 12:43:55,684 WARN received SIGTERM indicating exit request
2024-04-09 12:43:55,685 INFO waiting for dramatiq, gunicorn, nginx to die
2024-04-09 12:43:56,710 INFO stopped: nginx (exit status 0)
2024-04-09 12:43:57,835 INFO stopped: gunicorn (exit status 0)
2024-04-09 12:43:58,729 INFO waiting for dramatiq to die
2024-04-09 12:44:01,410 INFO stopped: dramatiq (exit status 0)
2024-04-09 13:01:26,389 CRIT Supervisor is running as root.  Privileges were not dropped because no user is specified in the config file.  If you intend to run as root, you can set user=root in the config file to avoid this message.
2024-04-09 13:01:26,392 INFO RPC interface 'supervisor' initialized
2024-04-09 13:01:26,392 CRIT Server 'inet_http_server' running without any HTTP authentication checking
2024-04-09 13:01:26,392 INFO supervisord started with pid 1
2024-04-09 13:01:27,402 INFO spawned: 'dramatiq' with pid 230
2024-04-09 13:01:27,406 INFO spawned: 'gunicorn' with pid 231
2024-04-09 13:01:27,419 INFO spawned: 'nginx' with pid 232
2024-04-09 13:01:32,880 INFO success: dramatiq entered RUNNING state, process has stayed up for > than 5 seconds (startsecs)
2024-04-09 13:01:32,880 INFO success: gunicorn entered RUNNING state, process has stayed up for > than 5 seconds (startsecs)
2024-04-09 13:01:32,880 INFO success: nginx entered RUNNING state, process has stayed up for > than 5 seconds (startsecs)
2024-04-09 13:03:28,658 WARN received SIGTERM indicating exit request
2024-04-09 13:03:28,658 INFO waiting for dramatiq, gunicorn, nginx to die
2024-04-09 13:03:29,688 INFO stopped: nginx (exit status 0)
2024-04-09 13:03:30,824 INFO stopped: gunicorn (exit status 0)
2024-04-09 13:03:31,812 INFO waiting for dramatiq to die
2024-04-09 13:03:34,278 INFO stopped: dramatiq (exit status 0)
2024-04-09 13:04:32,319 CRIT Supervisor is running as root.  Privileges were not dropped because no user is specified in the config file.  If you intend to run as root, you can set user=root in the config file to avoid this message.
2024-04-09 13:04:32,321 INFO RPC interface 'supervisor' initialized
2024-04-09 13:04:32,322 CRIT Server 'inet_http_server' running without any HTTP authentication checking
2024-04-09 13:04:32,322 INFO supervisord started with pid 1
2024-04-09 13:04:33,327 INFO spawned: 'dramatiq' with pid 230
2024-04-09 13:04:33,330 INFO spawned: 'gunicorn' with pid 231
2024-04-09 13:04:33,332 INFO spawned: 'nginx' with pid 232
2024-04-09 13:04:39,242 INFO success: dramatiq entered RUNNING state, process has stayed up for > than 5 seconds (startsecs)
2024-04-09 13:04:39,245 INFO success: gunicorn entered RUNNING state, process has stayed up for > than 5 seconds (startsecs)
2024-04-09 13:04:39,249 INFO success: nginx entered RUNNING state, process has stayed up for > than 5 seconds (startsecs)
2024-04-09 13:05:25,695 CRIT Supervisor is running as root.  Privileges were not dropped because no user is specified in the config file.  If you intend to run as root, you can set user=root in the config file to avoid this message.
2024-04-09 13:05:25,697 INFO RPC interface 'supervisor' initialized
2024-04-09 13:05:25,697 CRIT Server 'inet_http_server' running without any HTTP authentication checking
2024-04-09 13:05:25,698 INFO supervisord started with pid 1
2024-04-09 13:05:26,707 INFO spawned: 'dramatiq' with pid 230
2024-04-09 13:05:26,712 INFO spawned: 'gunicorn' with pid 231
2024-04-09 13:05:26,715 INFO spawned: 'nginx' with pid 232
2024-04-09 13:05:32,497 INFO success: dramatiq entered RUNNING state, process has stayed up for > than 5 seconds (startsecs)
2024-04-09 13:05:32,499 INFO success: gunicorn entered RUNNING state, process has stayed up for > than 5 seconds (startsecs)
2024-04-09 13:05:32,499 INFO success: nginx entered RUNNING state, process has stayed up for > than 5 seconds (startsecs)
2024-04-09 13:10:29,627 WARN received SIGTERM indicating exit request
2024-04-09 13:10:29,628 INFO waiting for dramatiq, gunicorn, nginx to die
2024-04-09 13:10:30,658 INFO stopped: nginx (exit status 0)
2024-04-09 13:10:31,800 INFO stopped: gunicorn (exit status 0)
2024-04-09 13:10:32,661 INFO waiting for dramatiq to die
2024-04-09 13:10:35,478 INFO stopped: dramatiq (exit status 0)
2024-04-09 13:11:27,371 CRIT Supervisor is running as root.  Privileges were not dropped because no user is specified in the config file.  If you intend to run as root, you can set user=root in the config file to avoid this message.
2024-04-09 13:11:27,373 INFO RPC interface 'supervisor' initialized
2024-04-09 13:11:27,373 CRIT Server 'inet_http_server' running without any HTTP authentication checking
2024-04-09 13:11:27,374 INFO supervisord started with pid 1
2024-04-09 13:11:28,380 INFO spawned: 'dramatiq' with pid 230
2024-04-09 13:11:28,386 INFO spawned: 'gunicorn' with pid 231
2024-04-09 13:11:28,390 INFO spawned: 'nginx' with pid 232
2024-04-09 13:11:34,257 INFO success: dramatiq entered RUNNING state, process has stayed up for > than 5 seconds (startsecs)
2024-04-09 13:11:34,261 INFO success: gunicorn entered RUNNING state, process has stayed up for > than 5 seconds (startsecs)
2024-04-09 13:11:34,270 INFO success: nginx entered RUNNING state, process has stayed up for > than 5 seconds (startsecs)
2024-04-09 13:12:28,191 WARN received SIGTERM indicating exit request
2024-04-09 13:12:28,192 INFO waiting for dramatiq, gunicorn, nginx to die
2024-04-09 13:12:29,217 INFO stopped: nginx (exit status 0)
2024-04-09 13:12:30,351 INFO stopped: gunicorn (exit status 0)
2024-04-09 13:12:31,206 INFO waiting for dramatiq to die
2024-04-09 13:12:33,908 INFO stopped: dramatiq (exit status 0)
2024-04-09 13:13:22,549 CRIT Supervisor is running as root.  Privileges were not dropped because no user is specified in the config file.  If you intend to run as root, you can set user=root in the config file to avoid this message.
2024-04-09 13:13:22,551 INFO RPC interface 'supervisor' initialized
2024-04-09 13:13:22,551 CRIT Server 'inet_http_server' running without any HTTP authentication checking
2024-04-09 13:13:22,551 INFO supervisord started with pid 1
2024-04-09 13:13:23,559 INFO spawned: 'dramatiq' with pid 229
2024-04-09 13:13:23,563 INFO spawned: 'gunicorn' with pid 230
2024-04-09 13:13:23,568 INFO spawned: 'nginx' with pid 231
2024-04-09 13:13:28,635 INFO success: dramatiq entered RUNNING state, process has stayed up for > than 5 seconds (startsecs)
2024-04-09 13:13:28,636 INFO success: gunicorn entered RUNNING state, process has stayed up for > than 5 seconds (startsecs)
2024-04-09 13:13:28,637 INFO success: nginx entered RUNNING state, process has stayed up for > than 5 seconds (startsecs)
2024-04-09 13:13:51,073 WARN received SIGTERM indicating exit request
2024-04-09 13:13:51,074 INFO waiting for dramatiq, gunicorn, nginx to die
2024-04-09 13:13:52,103 INFO stopped: nginx (exit status 0)
2024-04-09 13:13:53,327 INFO stopped: gunicorn (exit status 0)
2024-04-09 13:13:54,138 INFO waiting for dramatiq to die
2024-04-09 13:13:57,085 INFO stopped: dramatiq (exit status 0)
2024-04-09 13:21:07,178 CRIT Supervisor is running as root.  Privileges were not dropped because no user is specified in the config file.  If you intend to run as root, you can set user=root in the config file to avoid this message.
2024-04-09 13:21:07,182 INFO RPC interface 'supervisor' initialized
2024-04-09 13:21:07,182 CRIT Server 'inet_http_server' running without any HTTP authentication checking
2024-04-09 13:21:07,182 INFO supervisord started with pid 1
2024-04-09 13:21:08,189 INFO spawned: 'dramatiq' with pid 232
2024-04-09 13:21:08,195 INFO spawned: 'gunicorn' with pid 233
2024-04-09 13:21:08,199 INFO spawned: 'nginx' with pid 234
2024-04-09 13:21:13,421 INFO success: dramatiq entered RUNNING state, process has stayed up for > than 5 seconds (startsecs)
2024-04-09 13:21:13,422 INFO success: gunicorn entered RUNNING state, process has stayed up for > than 5 seconds (startsecs)
2024-04-09 13:21:13,422 INFO success: nginx entered RUNNING state, process has stayed up for > than 5 seconds (startsecs)
2024-04-09 13:25:54,256 WARN received SIGTERM indicating exit request
2024-04-09 13:25:54,256 INFO waiting for dramatiq, gunicorn, nginx to die
2024-04-09 13:25:55,278 INFO stopped: nginx (exit status 0)
2024-04-09 13:25:56,415 INFO stopped: gunicorn (exit status 0)
2024-04-09 13:25:57,400 INFO waiting for dramatiq to die
2024-04-09 13:26:00,179 INFO stopped: dramatiq (exit status 0)
2024-04-09 13:27:47,714 CRIT Supervisor is running as root.  Privileges were not dropped because no user is specified in the config file.  If you intend to run as root, you can set user=root in the config file to avoid this message.
2024-04-09 13:27:47,717 INFO RPC interface 'supervisor' initialized
2024-04-09 13:27:47,717 CRIT Server 'inet_http_server' running without any HTTP authentication checking
2024-04-09 13:27:47,717 INFO supervisord started with pid 1
2024-04-09 13:27:48,726 INFO spawned: 'dramatiq' with pid 229
2024-04-09 13:27:48,730 INFO spawned: 'gunicorn' with pid 230
2024-04-09 13:27:48,735 INFO spawned: 'nginx' with pid 231
2024-04-09 13:27:54,222 INFO success: dramatiq entered RUNNING state, process has stayed up for > than 5 seconds (startsecs)
2024-04-09 13:27:54,222 INFO success: gunicorn entered RUNNING state, process has stayed up for > than 5 seconds (startsecs)
2024-04-09 13:27:54,222 INFO success: nginx entered RUNNING state, process has stayed up for > than 5 seconds (startsecs)
2024-04-09 13:45:45,942 WARN received SIGTERM indicating exit request
2024-04-09 13:45:45,943 INFO waiting for dramatiq, gunicorn, nginx to die
2024-04-09 13:45:46,970 INFO stopped: nginx (exit status 0)
2024-04-09 13:45:48,104 INFO stopped: gunicorn (exit status 0)
2024-04-09 13:45:49,000 INFO waiting for dramatiq to die
2024-04-09 13:45:51,041 INFO stopped: dramatiq (exit status 0)
2024-04-09 14:53:31,554 CRIT Supervisor is running as root.  Privileges were not dropped because no user is specified in the config file.  If you intend to run as root, you can set user=root in the config file to avoid this message.
2024-04-09 14:53:31,559 INFO RPC interface 'supervisor' initialized
2024-04-09 14:53:31,559 CRIT Server 'inet_http_server' running without any HTTP authentication checking
2024-04-09 14:53:31,560 INFO supervisord started with pid 1
2024-04-09 14:53:32,550 INFO spawned: 'dramatiq' with pid 236
2024-04-09 14:53:32,551 INFO spawned: 'gunicorn' with pid 237
2024-04-09 14:53:32,552 INFO spawned: 'nginx' with pid 238
2024-04-09 14:53:37,655 INFO success: dramatiq entered RUNNING state, process has stayed up for > than 5 seconds (startsecs)
2024-04-09 14:53:37,656 INFO success: gunicorn entered RUNNING state, process has stayed up for > than 5 seconds (startsecs)
2024-04-09 14:53:37,656 INFO success: nginx entered RUNNING state, process has stayed up for > than 5 seconds (startsecs)
2024-04-16 01:17:49,899 WARN received SIGTERM indicating exit request
2024-04-16 01:17:49,901 INFO waiting for dramatiq, gunicorn, nginx to die
2024-04-16 01:17:49,937 INFO stopped: nginx (exit status 0)
2024-04-16 01:17:51,090 INFO stopped: gunicorn (exit status 0)
2024-04-16 01:17:52,911 INFO waiting for dramatiq to die
2024-04-16 01:17:54,537 INFO stopped: dramatiq (exit status 0)
2024-04-16 01:22:45,216 CRIT Supervisor is running as root.  Privileges were not dropped because no user is specified in the config file.  If you intend to run as root, you can set user=root in the config file to avoid this message.
2024-04-16 01:22:45,222 INFO RPC interface 'supervisor' initialized
2024-04-16 01:22:45,222 CRIT Server 'inet_http_server' running without any HTTP authentication checking
2024-04-16 01:22:45,223 INFO supervisord started with pid 1
2024-04-16 01:22:46,229 INFO spawned: 'dramatiq' with pid 231
2024-04-16 01:22:46,233 INFO spawned: 'gunicorn' with pid 232
2024-04-16 01:22:46,238 INFO spawned: 'nginx' with pid 233
2024-04-16 01:22:51,522 INFO success: dramatiq entered RUNNING state, process has stayed up for > than 5 seconds (startsecs)
2024-04-16 01:22:51,522 INFO success: gunicorn entered RUNNING state, process has stayed up for > than 5 seconds (startsecs)
2024-04-16 01:22:51,522 INFO success: nginx entered RUNNING state, process has stayed up for > than 5 seconds (startsecs)
2024-04-19 01:42:49,779 WARN received SIGTERM indicating exit request
2024-04-19 01:42:49,780 INFO waiting for dramatiq, gunicorn, nginx to die
2024-04-19 01:42:50,813 INFO stopped: nginx (exit status 0)
2024-04-19 01:42:51,953 INFO stopped: gunicorn (exit status 0)
2024-04-19 01:42:53,073 INFO waiting for dramatiq to die
2024-04-19 01:42:54,827 INFO stopped: dramatiq (exit status 0)
2024-04-19 01:53:59,294 CRIT Supervisor is running as root.  Privileges were not dropped because no user is specified in the config file.  If you intend to run as root, you can set user=root in the config file to avoid this message.
2024-04-19 01:53:59,297 INFO RPC interface 'supervisor' initialized
2024-04-19 01:53:59,297 CRIT Server 'inet_http_server' running without any HTTP authentication checking
2024-04-19 01:53:59,297 INFO supervisord started with pid 1
2024-04-19 01:54:00,302 INFO spawned: 'dramatiq' with pid 232
2024-04-19 01:54:00,306 INFO spawned: 'gunicorn' with pid 233
2024-04-19 01:54:00,311 INFO spawned: 'nginx' with pid 234
2024-04-19 01:54:06,017 INFO success: dramatiq entered RUNNING state, process has stayed up for > than 5 seconds (startsecs)
2024-04-19 01:54:06,017 INFO success: gunicorn entered RUNNING state, process has stayed up for > than 5 seconds (startsecs)
2024-04-19 01:54:06,018 INFO success: nginx entered RUNNING state, process has stayed up for > than 5 seconds (startsecs)
2024-04-19 01:59:23,318 WARN received SIGTERM indicating exit request
2024-04-19 01:59:23,320 INFO waiting for dramatiq, gunicorn, nginx to die
2024-04-19 01:59:24,347 INFO stopped: nginx (exit status 0)
2024-04-19 01:59:25,492 INFO stopped: gunicorn (exit status 0)
2024-04-19 01:59:26,383 INFO waiting for dramatiq to die
2024-04-19 01:59:29,124 INFO stopped: dramatiq (exit status 0)
2024-04-19 02:00:53,501 CRIT Supervisor is running as root.  Privileges were not dropped because no user is specified in the config file.  If you intend to run as root, you can set user=root in the config file to avoid this message.
2024-04-19 02:00:53,504 INFO RPC interface 'supervisor' initialized
2024-04-19 02:00:53,504 CRIT Server 'inet_http_server' running without any HTTP authentication checking
2024-04-19 02:00:53,504 INFO supervisord started with pid 1
2024-04-19 02:00:54,514 INFO spawned: 'dramatiq' with pid 233
2024-04-19 02:00:54,530 INFO spawned: 'gunicorn' with pid 234
2024-04-19 02:00:54,532 INFO spawned: 'nginx' with pid 235
2024-04-19 02:01:00,014 INFO success: dramatiq entered RUNNING state, process has stayed up for > than 5 seconds (startsecs)
2024-04-19 02:01:00,014 INFO success: gunicorn entered RUNNING state, process has stayed up for > than 5 seconds (startsecs)
2024-04-19 02:01:00,015 INFO success: nginx entered RUNNING state, process has stayed up for > than 5 seconds (startsecs)
2024-04-19 02:06:43,042 WARN received SIGTERM indicating exit request
2024-04-19 02:06:43,045 INFO waiting for dramatiq, gunicorn, nginx to die
2024-04-19 02:06:44,075 INFO stopped: nginx (exit status 0)
2024-04-19 02:06:45,218 INFO stopped: gunicorn (exit status 0)
2024-04-19 02:06:46,103 INFO waiting for dramatiq to die
2024-04-19 02:06:48,674 INFO stopped: dramatiq (exit status 0)
2024-04-19 02:08:25,700 CRIT Supervisor is running as root.  Privileges were not dropped because no user is specified in the config file.  If you intend to run as root, you can set user=root in the config file to avoid this message.
2024-04-19 02:08:25,703 INFO RPC interface 'supervisor' initialized
2024-04-19 02:08:25,703 CRIT Server 'inet_http_server' running without any HTTP authentication checking
2024-04-19 02:08:25,703 INFO supervisord started with pid 1
2024-04-19 02:08:26,712 INFO spawned: 'dramatiq' with pid 231
2024-04-19 02:08:26,717 INFO spawned: 'gunicorn' with pid 232
2024-04-19 02:08:26,720 INFO spawned: 'nginx' with pid 233
2024-04-19 02:08:32,365 INFO success: dramatiq entered RUNNING state, process has stayed up for > than 5 seconds (startsecs)
2024-04-19 02:08:32,365 INFO success: gunicorn entered RUNNING state, process has stayed up for > than 5 seconds (startsecs)
2024-04-19 02:08:32,366 INFO success: nginx entered RUNNING state, process has stayed up for > than 5 seconds (startsecs)
2024-04-19 02:09:09,106 WARN received SIGTERM indicating exit request
2024-04-19 02:09:09,108 INFO waiting for dramatiq, gunicorn, nginx to die
2024-04-19 02:09:10,135 INFO stopped: nginx (exit status 0)
2024-04-19 02:09:11,483 INFO stopped: gunicorn (exit status 0)
2024-04-19 02:09:12,558 INFO waiting for dramatiq to die
2024-04-19 02:09:14,566 INFO stopped: dramatiq (exit status 0)
2024-04-19 02:11:35,772 CRIT Supervisor is running as root.  Privileges were not dropped because no user is specified in the config file.  If you intend to run as root, you can set user=root in the config file to avoid this message.
2024-04-19 02:11:35,775 INFO RPC interface 'supervisor' initialized
2024-04-19 02:11:35,775 CRIT Server 'inet_http_server' running without any HTTP authentication checking
2024-04-19 02:11:35,775 INFO supervisord started with pid 1
2024-04-19 02:11:36,604 INFO spawned: 'dramatiq' with pid 240
2024-04-19 02:11:36,606 INFO spawned: 'gunicorn' with pid 241
2024-04-19 02:11:36,607 INFO spawned: 'nginx' with pid 242
2024-04-19 02:11:41,709 INFO success: dramatiq entered RUNNING state, process has stayed up for > than 5 seconds (startsecs)
2024-04-19 02:11:41,709 INFO success: gunicorn entered RUNNING state, process has stayed up for > than 5 seconds (startsecs)
2024-04-19 02:11:41,709 INFO success: nginx entered RUNNING state, process has stayed up for > than 5 seconds (startsecs)
2024-04-20 19:39:51,155 WARN received SIGTERM indicating exit request
2024-04-20 19:39:51,165 INFO waiting for dramatiq, gunicorn, nginx to die
2024-04-20 19:39:51,244 INFO stopped: nginx (exit status 0)
2024-04-20 19:39:52,798 INFO stopped: gunicorn (exit status 0)
2024-04-20 19:39:54,204 INFO waiting for dramatiq to die
2024-04-20 19:39:57,784 INFO stopped: dramatiq (exit status 0)
2024-04-24 06:56:33,904 CRIT Supervisor is running as root.  Privileges were not dropped because no user is specified in the config file.  If you intend to run as root, you can set user=root in the config file to avoid this message.
2024-04-24 06:56:33,907 INFO RPC interface 'supervisor' initialized
2024-04-24 06:56:33,907 CRIT Server 'inet_http_server' running without any HTTP authentication checking
2024-04-24 06:56:33,908 INFO supervisord started with pid 1
2024-04-24 06:56:34,916 INFO spawned: 'dramatiq' with pid 234
2024-04-24 06:56:34,924 INFO spawned: 'gunicorn' with pid 235
2024-04-24 06:56:34,931 INFO spawned: 'nginx' with pid 236
2024-04-24 06:56:40,154 INFO success: dramatiq entered RUNNING state, process has stayed up for > than 5 seconds (startsecs)
2024-04-24 06:56:40,154 INFO success: gunicorn entered RUNNING state, process has stayed up for > than 5 seconds (startsecs)
2024-04-24 06:56:40,155 INFO success: nginx entered RUNNING state, process has stayed up for > than 5 seconds (startsecs)
2024-04-24 07:33:48,877 WARN received SIGTERM indicating exit request
2024-04-24 07:33:48,879 INFO waiting for dramatiq, gunicorn, nginx to die
2024-04-24 07:33:49,910 INFO stopped: nginx (exit status 0)
2024-04-24 07:33:51,050 INFO stopped: gunicorn (exit status 0)
2024-04-24 07:33:51,931 INFO waiting for dramatiq to die
2024-04-24 07:33:54,814 INFO stopped: dramatiq (exit status 0)
2024-04-24 07:58:47,829 CRIT Supervisor is running as root.  Privileges were not dropped because no user is specified in the config file.  If you intend to run as root, you can set user=root in the config file to avoid this message.
2024-04-24 07:58:47,835 INFO RPC interface 'supervisor' initialized
2024-04-24 07:58:47,835 CRIT Server 'inet_http_server' running without any HTTP authentication checking
2024-04-24 07:58:47,835 INFO supervisord started with pid 1
2024-04-24 07:58:48,639 INFO spawned: 'dramatiq' with pid 238
2024-04-24 07:58:48,641 INFO spawned: 'gunicorn' with pid 239
2024-04-24 07:58:48,642 INFO spawned: 'nginx' with pid 240
2024-04-24 07:58:53,726 INFO success: dramatiq entered RUNNING state, process has stayed up for > than 5 seconds (startsecs)
2024-04-24 07:58:53,727 INFO success: gunicorn entered RUNNING state, process has stayed up for > than 5 seconds (startsecs)
2024-04-24 07:58:53,727 INFO success: nginx entered RUNNING state, process has stayed up for > than 5 seconds (startsecs)
2024-04-25 10:57:49,953 WARN received SIGTERM indicating exit request
2024-04-25 10:57:49,955 INFO waiting for dramatiq, gunicorn, nginx to die
2024-04-25 10:57:51,004 INFO stopped: nginx (exit status 0)
2024-04-25 10:57:52,274 INFO stopped: gunicorn (exit status 0)
2024-04-25 10:57:53,030 INFO waiting for dramatiq to die
2024-04-25 10:57:55,845 INFO stopped: dramatiq (exit status 0)
2024-04-26 04:31:09,516 CRIT Supervisor is running as root.  Privileges were not dropped because no user is specified in the config file.  If you intend to run as root, you can set user=root in the config file to avoid this message.
2024-04-26 04:31:09,521 INFO RPC interface 'supervisor' initialized
2024-04-26 04:31:09,521 CRIT Server 'inet_http_server' running without any HTTP authentication checking
2024-04-26 04:31:09,521 INFO supervisord started with pid 1
2024-04-26 04:31:10,314 INFO spawned: 'dramatiq' with pid 238
2024-04-26 04:31:10,316 INFO spawned: 'gunicorn' with pid 239
2024-04-26 04:31:10,317 INFO spawned: 'nginx' with pid 240
2024-04-26 04:31:15,415 INFO success: dramatiq entered RUNNING state, process has stayed up for > than 5 seconds (startsecs)
2024-04-26 04:31:15,415 INFO success: gunicorn entered RUNNING state, process has stayed up for > than 5 seconds (startsecs)
2024-04-26 04:31:15,416 INFO success: nginx entered RUNNING state, process has stayed up for > than 5 seconds (startsecs)
2024-04-29 01:54:02,031 WARN received SIGTERM indicating exit request
2024-04-29 01:54:02,032 INFO waiting for dramatiq, gunicorn, nginx to die
2024-04-29 01:54:02,063 INFO stopped: nginx (exit status 0)
2024-04-29 01:54:03,206 INFO stopped: gunicorn (exit status 0)
2024-04-29 01:54:05,099 INFO waiting for dramatiq to die
2024-04-29 01:54:06,749 INFO stopped: dramatiq (exit status 0)
2024-04-29 06:25:48,661 CRIT Supervisor is running as root.  Privileges were not dropped because no user is specified in the config file.  If you intend to run as root, you can set user=root in the config file to avoid this message.
2024-04-29 06:25:48,667 INFO RPC interface 'supervisor' initialized
2024-04-29 06:25:48,667 CRIT Server 'inet_http_server' running without any HTTP authentication checking
2024-04-29 06:25:48,667 INFO supervisord started with pid 1
2024-04-29 06:25:48,966 INFO spawned: 'dramatiq' with pid 239
2024-04-29 06:25:48,967 INFO spawned: 'gunicorn' with pid 240
2024-04-29 06:25:48,969 INFO spawned: 'nginx' with pid 241
2024-04-29 06:25:54,078 INFO success: dramatiq entered RUNNING state, process has stayed up for > than 5 seconds (startsecs)
2024-04-29 06:25:54,079 INFO success: gunicorn entered RUNNING state, process has stayed up for > than 5 seconds (startsecs)
2024-04-29 06:25:54,080 INFO success: nginx entered RUNNING state, process has stayed up for > than 5 seconds (startsecs)
2024-04-29 08:02:07,643 WARN received SIGTERM indicating exit request
2024-04-29 08:02:07,646 INFO waiting for dramatiq, gunicorn, nginx to die
2024-04-29 08:02:07,672 INFO stopped: nginx (exit status 0)
2024-04-29 08:02:08,820 INFO stopped: gunicorn (exit status 0)
2024-04-29 08:02:10,647 INFO waiting for dramatiq to die
2024-04-29 08:02:12,046 INFO stopped: dramatiq (exit status 0)
2024-04-29 11:08:35,272 CRIT Supervisor is running as root.  Privileges were not dropped because no user is specified in the config file.  If you intend to run as root, you can set user=root in the config file to avoid this message.
2024-04-29 11:08:35,280 INFO RPC interface 'supervisor' initialized
2024-04-29 11:08:35,280 CRIT Server 'inet_http_server' running without any HTTP authentication checking
2024-04-29 11:08:35,281 INFO supervisord started with pid 1
2024-04-29 11:08:35,912 INFO spawned: 'dramatiq' with pid 239
2024-04-29 11:08:35,914 INFO spawned: 'gunicorn' with pid 240
2024-04-29 11:08:35,918 INFO spawned: 'nginx' with pid 241
2024-04-29 11:08:41,024 INFO success: dramatiq entered RUNNING state, process has stayed up for > than 5 seconds (startsecs)
2024-04-29 11:08:41,025 INFO success: gunicorn entered RUNNING state, process has stayed up for > than 5 seconds (startsecs)
2024-04-29 11:08:41,025 INFO success: nginx entered RUNNING state, process has stayed up for > than 5 seconds (startsecs)
2024-04-29 11:09:12,580 WARN received SIGTERM indicating exit request
2024-04-29 11:09:12,581 INFO waiting for dramatiq, gunicorn, nginx to die
2024-04-29 11:09:13,617 INFO stopped: nginx (exit status 0)
2024-04-29 11:09:14,856 INFO stopped: gunicorn (exit status 0)
2024-04-29 11:09:15,713 INFO waiting for dramatiq to die
2024-04-29 11:09:18,663 INFO stopped: dramatiq (exit status 0)
2024-04-29 23:41:36,701 CRIT Supervisor is running as root.  Privileges were not dropped because no user is specified in the config file.  If you intend to run as root, you can set user=root in the config file to avoid this message.
2024-04-29 23:41:36,707 INFO RPC interface 'supervisor' initialized
2024-04-29 23:41:36,707 CRIT Server 'inet_http_server' running without any HTTP authentication checking
2024-04-29 23:41:36,707 INFO supervisord started with pid 1
2024-04-29 23:41:37,059 INFO spawned: 'dramatiq' with pid 239
2024-04-29 23:41:37,060 INFO spawned: 'gunicorn' with pid 240
2024-04-29 23:41:37,063 INFO spawned: 'nginx' with pid 241
2024-04-29 23:41:42,175 INFO success: dramatiq entered RUNNING state, process has stayed up for > than 5 seconds (startsecs)
2024-04-29 23:41:42,176 INFO success: gunicorn entered RUNNING state, process has stayed up for > than 5 seconds (startsecs)
2024-04-29 23:41:42,176 INFO success: nginx entered RUNNING state, process has stayed up for > than 5 seconds (startsecs)
2024-05-02 07:05:21,062 WARN received SIGTERM indicating exit request
2024-05-02 07:05:21,065 INFO waiting for dramatiq, gunicorn, nginx to die
2024-05-02 07:05:21,123 INFO stopped: nginx (exit status 0)
2024-05-02 07:05:22,270 INFO stopped: gunicorn (exit status 0)
2024-05-02 07:05:24,089 INFO waiting for dramatiq to die
2024-05-02 07:05:25,681 INFO stopped: dramatiq (exit status 0)
2024-05-02 07:28:54,420 CRIT Supervisor is running as root.  Privileges were not dropped because no user is specified in the config file.  If you intend to run as root, you can set user=root in the config file to avoid this message.
2024-05-02 07:28:54,429 INFO RPC interface 'supervisor' initialized
2024-05-02 07:28:54,429 CRIT Server 'inet_http_server' running without any HTTP authentication checking
2024-05-02 07:28:54,429 INFO supervisord started with pid 1
2024-05-02 07:28:54,929 INFO spawned: 'dramatiq' with pid 238
2024-05-02 07:28:54,931 INFO spawned: 'gunicorn' with pid 239
2024-05-02 07:28:54,934 INFO spawned: 'nginx' with pid 240
2024-05-02 07:29:00,027 INFO success: dramatiq entered RUNNING state, process has stayed up for > than 5 seconds (startsecs)
2024-05-02 07:29:00,027 INFO success: gunicorn entered RUNNING state, process has stayed up for > than 5 seconds (startsecs)
2024-05-02 07:29:00,028 INFO success: nginx entered RUNNING state, process has stayed up for > than 5 seconds (startsecs)
2024-05-02 07:35:19,653 WARN received SIGTERM indicating exit request
2024-05-02 07:35:19,655 INFO waiting for dramatiq, gunicorn, nginx to die
2024-05-02 07:35:20,680 INFO stopped: nginx (exit status 0)
2024-05-02 07:35:21,810 INFO stopped: gunicorn (exit status 0)
2024-05-02 07:35:22,688 INFO waiting for dramatiq to die
2024-05-02 07:35:25,278 INFO stopped: dramatiq (exit status 0)
2024-05-03 07:11:47,218 CRIT Supervisor is running as root.  Privileges were not dropped because no user is specified in the config file.  If you intend to run as root, you can set user=root in the config file to avoid this message.
2024-05-03 07:11:47,224 INFO RPC interface 'supervisor' initialized
2024-05-03 07:11:47,224 CRIT Server 'inet_http_server' running without any HTTP authentication checking
2024-05-03 07:11:47,224 INFO supervisord started with pid 1
2024-05-03 07:11:48,229 INFO spawned: 'dramatiq' with pid 237
2024-05-03 07:11:48,232 INFO spawned: 'gunicorn' with pid 238
2024-05-03 07:11:48,234 INFO spawned: 'nginx' with pid 239
2024-05-03 07:11:53,369 INFO success: dramatiq entered RUNNING state, process has stayed up for > than 5 seconds (startsecs)
2024-05-03 07:11:53,370 INFO success: gunicorn entered RUNNING state, process has stayed up for > than 5 seconds (startsecs)
2024-05-03 07:11:53,370 INFO success: nginx entered RUNNING state, process has stayed up for > than 5 seconds (startsecs)
2024-05-09 06:22:52,211 WARN received SIGTERM indicating exit request
2024-05-09 06:22:52,219 INFO waiting for dramatiq, gunicorn, nginx to die
2024-05-09 06:22:53,252 INFO stopped: nginx (exit status 0)
2024-05-09 06:22:54,492 INFO stopped: gunicorn (exit status 0)
2024-05-09 06:22:55,259 INFO waiting for dramatiq to die
2024-05-09 06:22:57,926 INFO stopped: dramatiq (exit status 0)
2024-05-10 02:25:57,251 CRIT Supervisor is running as root.  Privileges were not dropped because no user is specified in the config file.  If you intend to run as root, you can set user=root in the config file to avoid this message.
2024-05-10 02:25:57,256 INFO RPC interface 'supervisor' initialized
2024-05-10 02:25:57,256 CRIT Server 'inet_http_server' running without any HTTP authentication checking
2024-05-10 02:25:57,256 INFO supervisord started with pid 1
2024-05-10 02:25:57,668 INFO spawned: 'dramatiq' with pid 237
2024-05-10 02:25:57,669 INFO spawned: 'gunicorn' with pid 238
2024-05-10 02:25:57,671 INFO spawned: 'nginx' with pid 239
2024-05-10 02:26:02,773 INFO success: dramatiq entered RUNNING state, process has stayed up for > than 5 seconds (startsecs)
2024-05-10 02:26:02,773 INFO success: gunicorn entered RUNNING state, process has stayed up for > than 5 seconds (startsecs)
2024-05-10 02:26:02,774 INFO success: nginx entered RUNNING state, process has stayed up for > than 5 seconds (startsecs)
2024-05-11 17:19:42,993 WARN exited: gunicorn (exit status 255; not expected)
2024-05-11 17:19:44,002 INFO spawned: 'gunicorn' with pid 19321
2024-05-11 17:19:49,281 INFO success: gunicorn entered RUNNING state, process has stayed up for > than 5 seconds (startsecs)
2024-05-14 00:41:59,272 WARN received SIGTERM indicating exit request
2024-05-14 00:41:59,279 INFO waiting for dramatiq, gunicorn, nginx to die
2024-05-14 00:41:59,340 INFO stopped: nginx (exit status 0)
2024-05-14 00:42:00,603 INFO stopped: gunicorn (exit status 0)
2024-05-14 00:42:02,296 INFO waiting for dramatiq to die
2024-05-14 00:42:04,127 INFO stopped: dramatiq (exit status 0)
2024-05-14 00:56:16,239 CRIT Supervisor is running as root.  Privileges were not dropped because no user is specified in the config file.  If you intend to run as root, you can set user=root in the config file to avoid this message.
2024-05-14 00:56:16,244 INFO RPC interface 'supervisor' initialized
2024-05-14 00:56:16,244 CRIT Server 'inet_http_server' running without any HTTP authentication checking
2024-05-14 00:56:16,245 INFO supervisord started with pid 1
2024-05-14 00:56:16,510 INFO spawned: 'dramatiq' with pid 239
2024-05-14 00:56:16,512 INFO spawned: 'gunicorn' with pid 240
2024-05-14 00:56:16,513 INFO spawned: 'nginx' with pid 241
2024-05-14 00:56:21,601 INFO success: dramatiq entered RUNNING state, process has stayed up for > than 5 seconds (startsecs)
2024-05-14 00:56:21,602 INFO success: gunicorn entered RUNNING state, process has stayed up for > than 5 seconds (startsecs)
2024-05-14 00:56:21,602 INFO success: nginx entered RUNNING state, process has stayed up for > than 5 seconds (startsecs)
2024-05-14 07:19:32,279 WARN received SIGTERM indicating exit request
2024-05-14 07:19:32,281 INFO waiting for dramatiq, gunicorn, nginx to die
2024-05-14 07:19:33,313 INFO stopped: nginx (exit status 0)
2024-05-14 07:19:34,447 INFO stopped: gunicorn (exit status 0)
2024-05-14 07:19:35,551 INFO waiting for dramatiq to die
2024-05-14 07:19:37,525 INFO stopped: dramatiq (exit status 0)
2024-05-15 06:09:50,727 CRIT Supervisor is running as root.  Privileges were not dropped because no user is specified in the config file.  If you intend to run as root, you can set user=root in the config file to avoid this message.
2024-05-15 06:09:50,732 INFO RPC interface 'supervisor' initialized
2024-05-15 06:09:50,732 CRIT Server 'inet_http_server' running without any HTTP authentication checking
2024-05-15 06:09:50,732 INFO supervisord started with pid 1
2024-05-15 06:09:51,704 INFO spawned: 'dramatiq' with pid 238
2024-05-15 06:09:51,706 INFO spawned: 'gunicorn' with pid 239
2024-05-15 06:09:51,708 INFO spawned: 'nginx' with pid 240
2024-05-15 06:09:56,804 INFO success: dramatiq entered RUNNING state, process has stayed up for > than 5 seconds (startsecs)
2024-05-15 06:09:56,805 INFO success: gunicorn entered RUNNING state, process has stayed up for > than 5 seconds (startsecs)
2024-05-15 06:09:56,806 INFO success: nginx entered RUNNING state, process has stayed up for > than 5 seconds (startsecs)
2024-05-16 06:33:17,063 WARN received SIGTERM indicating exit request
2024-05-16 06:33:17,084 INFO waiting for dramatiq, gunicorn, nginx to die
2024-05-16 06:33:17,301 INFO stopped: nginx (exit status 0)
2024-05-16 06:33:18,550 INFO stopped: gunicorn (exit status 0)
2024-05-16 06:33:20,086 INFO waiting for dramatiq to die
2024-05-16 06:33:21,788 INFO stopped: dramatiq (exit status 0)
2024-05-16 07:26:00,000 CRIT Supervisor is running as root.  Privileges were not dropped because no user is specified in the config file.  If you intend to run as root, you can set user=root in the config file to avoid this message.
2024-05-16 07:26:00,007 INFO RPC interface 'supervisor' initialized
2024-05-16 07:26:00,007 CRIT Server 'inet_http_server' running without any HTTP authentication checking
2024-05-16 07:26:00,007 INFO supervisord started with pid 1
2024-05-16 07:26:01,010 INFO spawned: 'dramatiq' with pid 237
2024-05-16 07:26:01,014 INFO spawned: 'gunicorn' with pid 238
2024-05-16 07:26:01,018 INFO spawned: 'nginx' with pid 239
2024-05-16 07:26:06,679 INFO success: dramatiq entered RUNNING state, process has stayed up for > than 5 seconds (startsecs)
2024-05-16 07:26:06,682 INFO success: gunicorn entered RUNNING state, process has stayed up for > than 5 seconds (startsecs)
2024-05-16 07:26:06,683 INFO success: nginx entered RUNNING state, process has stayed up for > than 5 seconds (startsecs)
2024-05-16 07:28:06,762 WARN received SIGTERM indicating exit request
2024-05-16 07:28:06,769 INFO waiting for dramatiq, gunicorn, nginx to die
2024-05-16 07:28:06,966 INFO stopped: nginx (exit status 0)
2024-05-16 07:28:09,576 INFO stopped: gunicorn (exit status 0)
2024-05-16 07:28:10,156 INFO waiting for dramatiq to die
2024-05-16 07:28:13,168 INFO stopped: dramatiq (exit status 0)
2024-05-16 07:45:13,920 CRIT Supervisor is running as root.  Privileges were not dropped because no user is specified in the config file.  If you intend to run as root, you can set user=root in the config file to avoid this message.
2024-05-16 07:45:13,934 INFO RPC interface 'supervisor' initialized
2024-05-16 07:45:13,935 CRIT Server 'inet_http_server' running without any HTTP authentication checking
2024-05-16 07:45:13,935 INFO supervisord started with pid 1
2024-05-16 07:45:14,956 INFO spawned: 'dramatiq' with pid 242
2024-05-16 07:45:14,958 INFO spawned: 'gunicorn' with pid 243
2024-05-16 07:45:14,962 INFO spawned: 'nginx' with pid 244
2024-05-16 07:45:20,357 INFO success: dramatiq entered RUNNING state, process has stayed up for > than 5 seconds (startsecs)
2024-05-16 07:45:20,359 INFO success: gunicorn entered RUNNING state, process has stayed up for > than 5 seconds (startsecs)
2024-05-16 07:45:20,360 INFO success: nginx entered RUNNING state, process has stayed up for > than 5 seconds (startsecs)
2024-05-16 07:46:24,244 WARN received SIGTERM indicating exit request
2024-05-16 07:46:24,245 INFO waiting for dramatiq, gunicorn, nginx to die
2024-05-16 07:46:25,272 INFO stopped: nginx (exit status 0)
2024-05-16 07:46:26,407 INFO stopped: gunicorn (exit status 0)
2024-05-16 07:46:27,278 INFO waiting for dramatiq to die
2024-05-16 07:46:30,016 INFO stopped: dramatiq (exit status 0)
